Started by timer
Running as SYSTEM
Building in workspace /home/coder/project/workspace/jenkins/workspace/Batman
The recommended git tool is: NONE
No credentials specified
 > git rev-parse --resolve-git-dir /home/coder/project/workspace/jenkins/workspace/Batman/.git # timeout=10
Fetching changes from the remote Git repository
 > git config remote.origin.url https://github.com/PugazhSelvanG/Jenkins.git # timeout=10
Fetching upstream changes from https://github.com/PugazhSelvanG/Jenkins.git
 > git --version # timeout=10
 > git --version # 'git version 2.30.2'
 > git fetch --tags --force --progress -- https://github.com/PugazhSelvanG/Jenkins.git +refs/heads/*:refs/remotes/origin/* # timeout=10
 > git rev-parse refs/remotes/origin/main^{commit} # timeout=10
Checking out Revision 8678aa5a1a29e8c332c0da179fe00c89d6b45be0 (refs/remotes/origin/main)
 > git config core.sparsecheckout # timeout=10
 > git checkout -f 8678aa5a1a29e8c332c0da179fe00c89d6b45be0 # timeout=10
Commit message: "Auto-save-commit-7/11/2025--10:41:08-AM"
 > git rev-list --no-walk 8678aa5a1a29e8c332c0da179fe00c89d6b45be0 # timeout=10
[Batman] $ mvn -f demo/pom.xml mvn clean test
[[1;34mINFO[m] Scanning for projects...
[[1;34mINFO[m] 
[[1;34mINFO[m] [1m--------------------------< [0;36mcom.example:demo[0;1m >--------------------------[m
[[1;34mINFO[m] [1mBuilding demo 1.0[m
[[1;34mINFO[m] [1m--------------------------------[ jar ]---------------------------------[m
[[1;34mINFO[m] [1m------------------------------------------------------------------------[m
[[1;34mINFO[m] [1;31mBUILD FAILURE[m
[[1;34mINFO[m] [1m------------------------------------------------------------------------[m
[[1;34mINFO[m] Total time:  0.058 s
[[1;34mINFO[m] Finished at: 2025-07-11T05:31:01Z
[[1;34mINFO[m] [1m------------------------------------------------------------------------[m
[[1;31mERROR[m] Unknown lifecycle phase "mvn". You must specify a valid lifecycle phase or a goal in the format <plugin-prefix>:<goal> or <plugin-group-id>:<plugin-artifact-id>[:<plugin-version>]:<goal>. Available lifecycle phases are: validate, initialize, generate-sources, process-sources, generate-resources, process-resources, compile, process-classes, generate-test-sources, process-test-sources, generate-test-resources, process-test-resources, test-compile, process-test-classes, test, prepare-package, package, pre-integration-test, integration-test, post-integration-test, verify, install, deploy, pre-clean, clean, post-clean, pre-site, site, post-site, site-deploy. -> [1m[Help 1][m
[[1;31mERROR[m] 
[[1;31mERROR[m] To see the full stack trace of the errors, re-run Maven with the [1m-e[m switch.
[[1;31mERROR[m] Re-run Maven using the [1m-X[m switch to enable full debug logging.
[[1;31mERROR[m] 
[[1;31mERROR[m] For more information about the errors and possible solutions, please read the following articles:
[[1;31mERROR[m] [1m[Help 1][m http://cwiki.apache.org/confluence/display/MAVEN/LifecyclePhaseNotFoundException
Build step 'Invoke top-level Maven targets' marked build as failure
Finished: FAILURE
